14:57:17: Executing 'desktopRun -DmainClass=de.pantastix.project.MainKt --quiet'…

Download https://repo.maven.apache.org/maven2/com/github/librepdf/openpdf/2.0.3/openpdf-2.0.3.pom, took 1 s 118 ms
Download https://repo.maven.apache.org/maven2/com/github/librepdf/openpdf-parent/2.0.3/openpdf-parent-2.0.3.pom, took 47 ms
WARN: Attempt to load key 'ide.hide.excluded.files' for not yet loaded registry
WARN: Attempt to load key 'ide.hide.excluded.files' for not yet loaded registry
WARN: Attempt to load key 'psi.sleep.in.validity.check' for not yet loaded registry
WARN: Attempt to load key 'psi.sleep.in.validity.check' for not yet loaded registry
WARN: Attempt to load key 'psi.incremental.reparse.depth.limit' for not yet loaded registry
WARN: Attempt to load key 'psi.incremental.reparse.depth.limit' for not yet loaded registry
Download https://repo.maven.apache.org/maven2/com/github/librepdf/openpdf/2.0.3/openpdf-2.0.3.jar, took 542 ms
e: file:///C:/Users/chris/IdeaProjects/SIMON/composeApp/src/commonMain/kotlin/de/pantastix/project/ui/screens/ChatScreen.kt:297:37 Unresolved reference 'pendingChatActions'.
e: file:///C:/Users/chris/IdeaProjects/SIMON/composeApp/src/commonMain/kotlin/de/pantastix/project/ui/screens/ChatScreen.kt:300:55 Unresolved reference 'pendingChatActions'.
e: file:///C:/Users/chris/IdeaProjects/SIMON/composeApp/src/commonMain/kotlin/de/pantastix/project/ui/screens/ChatScreen.kt:301:61 Unresolved reference 'confirmPendingActions'.
e: file:///C:/Users/chris/IdeaProjects/SIMON/composeApp/src/commonMain/kotlin/de/pantastix/project/ui/screens/ChatScreen.kt:302:60 Unresolved reference 'confirmPendingActions'.
e: file:///C:/Users/chris/IdeaProjects/SIMON/composeApp/src/commonMain/kotlin/de/pantastix/project/ui/screens/ChatScreen.kt:552:53 Unresolved reference 'PendingChatAction'.
e: file:///C:/Users/chris/IdeaProjects/SIMON/composeApp/src/commonMain/kotlin/de/pantastix/project/ui/screens/ChatScreen.kt:580:31 Unresolved reference 'de.pantastix.project.ui.viewmodel.PendingChatAction'.
e: file:///C:/Users/chris/IdeaProjects/SIMON/composeApp/src/commonMain/kotlin/de/pantastix/project/ui/screens/ChatScreen.kt:581:17 @Composable invocations can only happen from the context of a @Composable function
e: file:///C:/Users/chris/IdeaProjects/SIMON/composeApp/src/commonMain/kotlin/de/pantastix/project/ui/screens/ChatScreen.kt:587:36 Unresolved reference 'imageUrl'.
e: file:///C:/Users/chris/IdeaProjects/SIMON/composeApp/src/commonMain/kotlin/de/pantastix/project/ui/screens/ChatScreen.kt:589:51 Unresolved reference 'imageUrl'.
e: file:///C:/Users/chris/IdeaProjects/SIMON/composeApp/src/commonMain/kotlin/de/pantastix/project/ui/screens/ChatScreen.kt:590:61 Unresolved reference 'cardName'.
e: file:///C:/Users/chris/IdeaProjects/SIMON/composeApp/src/commonMain/kotlin/de/pantastix/project/ui/screens/ChatScreen.kt:599:37 Unresolved reference 'cardName'.
e: file:///C:/Users/chris/IdeaProjects/SIMON/composeApp/src/commonMain/kotlin/de/pantastix/project/ui/screens/ChatScreen.kt:601:39 Unresolved reference 'currentCount'.
e: file:///C:/Users/chris/IdeaProjects/SIMON/composeApp/src/commonMain/kotlin/de/pantastix/project/ui/screens/ChatScreen.kt:601:64 Unresolved reference 'newCount'.
e: file:///C:/Users/chris/IdeaProjects/SIMON/composeApp/src/commonMain/kotlin/de/pantastix/project/ui/screens/ChatScreen.kt:607:32 Unresolved reference 'newCount'.
e: file:///C:/Users/chris/IdeaProjects/SIMON/composeApp/src/commonMain/kotlin/de/pantastix/project/ui/screens/ChatScreen.kt:614:39 Unresolved reference 'change'.
e: file:///C:/Users/chris/IdeaProjects/SIMON/composeApp/src/commonMain/kotlin/de/pantastix/project/ui/screens/ChatScreen.kt:616:40 Unresolved reference 'change'.
e: file:///C:/Users/chris/IdeaProjects/SIMON/composeApp/src/commonMain/kotlin/de/pantastix/project/ui/screens/ChatScreen.kt:623:39 Unresolved reference 'change'.
e: file:///C:/Users/chris/IdeaProjects/SIMON/composeApp/src/commonMain/kotlin/de/pantastix/project/ui/viewmodel/CardListViewModel.kt:569:73 Unresolved reference 'pendingChatActions'.

FAILURE: Build failed with an exception.

* What went wrong:
Execution failed for task ':composeApp:compileKotlinDesktop'.
> A failure occurred while executing org.jetbrains.kotlin.compilerRunner.GradleCompilerRunnerWithWorkers$GradleKotlinCompilerWorkAction
   > Compilation error. See log for more details

* Try:
> Run with --stacktrace option to get the stack trace.
> Run with --info or --debug option to get more log output.
> Run with --scan to get full insights.
> Get more help at https://help.gradle.org.

BUILD FAILED in 46s
14:58:04: Execution finished 'desktopRun -DmainClass=de.pantastix.project.MainKt --quiet'.
